<?xml version="1.0" encoding="UTF-8"?>
<testng-results skipped="0" failed="1" ignored="0" total="3" passed="2">
  <reporter-output>
  </reporter-output>
  <suite name="Suite" duration-ms="23098" started-at="2022-01-18T18:48:52 IST" finished-at="2022-01-18T18:49:15 IST">
    <groups>
    </groups>
    <test name="Test" duration-ms="23098" started-at="2022-01-18T18:48:52 IST" finished-at="2022-01-18T18:49:15 IST">
      <class name="com.extent.test.OrangeHRMTestEXTENT">
        <test-method status="PASS" signature="extentSetup()[pri:0, instance:com.extent.test.OrangeHRMTestEXTENT@61ca2dfa]" name="extentSetup" is-config="true" duration-ms="9" started-at="2022-01-18T18:48:52 IST" finished-at="2022-01-18T18:48:52 IST">
          <reporter-output>
          </reporter-output>
        </test-method> <!-- extentSetup -->
        <test-method status="PASS" signature="launchBrowser()[pri:0, instance:com.extent.test.OrangeHRMTestEXTENT@61ca2dfa]" name="launchBrowser" is-config="true" duration-ms="9863" started-at="2022-01-18T18:48:52 IST" finished-at="2022-01-18T18:49:02 IST">
          <reporter-output>
          </reporter-output>
        </test-method> <!-- launchBrowser -->
        <test-method status="PASS" signature="initialize()[pri:0, instance:com.extent.test.OrangeHRMTestEXTENT@61ca2dfa]" name="initialize" is-config="true" duration-ms="53" started-at="2022-01-18T18:49:02 IST" finished-at="2022-01-18T18:49:02 IST">
          <reporter-output>
          </reporter-output>
        </test-method> <!-- initialize -->
        <test-method status="PASS" signature="validLogin()[pri:1, instance:com.extent.test.OrangeHRMTestEXTENT@61ca2dfa]" name="validLogin" duration-ms="5126" started-at="2022-01-18T18:49:02 IST" finished-at="2022-01-18T18:49:07 IST">
          <reporter-output>
          </reporter-output>
        </test-method> <!-- validLogin -->
        <test-method status="PASS" signature="logOut()[pri:0, instance:com.extent.test.OrangeHRMTestEXTENT@61ca2dfa]" name="logOut" duration-ms="4286" started-at="2022-01-18T18:49:07 IST" depends-on-methods="com.extent.test.OrangeHRMTestEXTENT.validLogin" finished-at="2022-01-18T18:49:12 IST">
          <reporter-output>
          </reporter-output>
        </test-method> <!-- logOut -->
        <test-method status="FAIL" signature="invalidLogin()[pri:0, instance:com.extent.test.OrangeHRMTestEXTENT@61ca2dfa]" name="invalidLogin" duration-ms="2066" started-at="2022-01-18T18:49:12 IST" depends-on-methods="com.extent.test.OrangeHRMTestEXTENT.logOut" finished-at="2022-01-18T18:49:14 IST">
          <exception class="java.lang.AssertionError">
            <message>
              <![CDATA[expected [Invalid credential] but found [Invalid credentials]]]>
            </message>
            <full-stacktrace>
              <![CDATA[java.lang.AssertionError: expected [Invalid credential] but found [Invalid credentials]
at org.testng.Assert.fail(Assert.java:99)
at org.testng.Assert.failNotEquals(Assert.java:1037)
at org.testng.Assert.assertEqualsImpl(Assert.java:140)
at org.testng.Assert.assertEquals(Assert.java:122)
at org.testng.Assert.assertEquals(Assert.java:629)
at org.testng.Assert.assertEquals(Assert.java:639)
at com.extent.test.OrangeHRMTestEXTENT.invalidLogin(OrangeHRMTestEXTENT.java:67)
at sun.reflect.NativeMethodAccessorImpl.invoke0(Native Method)
at sun.reflect.NativeMethodAccessorImpl.invoke(NativeMethodAccessorImpl.java:62)
at sun.reflect.DelegatingMethodAccessorImpl.invoke(DelegatingMethodAccessorImpl.java:43)
at java.lang.reflect.Method.invoke(Method.java:498)
at org.testng.internal.MethodInvocationHelper.invokeMethod(MethodInvocationHelper.java:133)
at org.testng.internal.TestInvoker.invokeMethod(TestInvoker.java:598)
at org.testng.internal.TestInvoker.invokeTestMethod(TestInvoker.java:173)
at org.testng.internal.MethodRunner.runInSequence(MethodRunner.java:46)
at org.testng.internal.TestInvoker$MethodInvocationAgent.invoke(TestInvoker.java:824)
at org.testng.internal.TestInvoker.invokeTestMethods(TestInvoker.java:146)
at org.testng.internal.TestMethodWorker.invokeTestMethods(TestMethodWorker.java:146)
at org.testng.internal.TestMethodWorker.run(TestMethodWorker.java:128)
at java.util.ArrayList.forEach(ArrayList.java:1259)
at org.testng.TestRunner.privateRun(TestRunner.java:794)
at org.testng.TestRunner.run(TestRunner.java:596)
at org.testng.SuiteRunner.runTest(SuiteRunner.java:377)
at org.testng.SuiteRunner.runSequentially(SuiteRunner.java:371)
at org.testng.SuiteRunner.privateRun(SuiteRunner.java:332)
at org.testng.SuiteRunner.run(SuiteRunner.java:276)
at org.testng.SuiteRunnerWorker.runSuite(SuiteRunnerWorker.java:53)
at org.testng.SuiteRunnerWorker.run(SuiteRunnerWorker.java:96)
at org.testng.TestNG.runSuitesSequentially(TestNG.java:1212)
at org.testng.TestNG.runSuitesLocally(TestNG.java:1134)
at org.testng.TestNG.runSuites(TestNG.java:1063)
at org.testng.TestNG.run(TestNG.java:1031)
at org.testng.remote.AbstractRemoteTestNG.run(AbstractRemoteTestNG.java:115)
at org.testng.remote.RemoteTestNG.initAndRun(RemoteTestNG.java:251)
at org.testng.remote.RemoteTestNG.main(RemoteTestNG.java:77)
]]>
            </full-stacktrace>
          </exception> <!-- java.lang.AssertionError -->
          <reporter-output>
          </reporter-output>
        </test-method> <!-- invalidLogin -->
        <test-method status="PASS" signature="quitBrowser()[pri:0, instance:com.extent.test.OrangeHRMTestEXTENT@61ca2dfa]" name="quitBrowser" is-config="true" duration-ms="881" started-at="2022-01-18T18:49:14 IST" finished-at="2022-01-18T18:49:15 IST">
          <reporter-output>
          </reporter-output>
        </test-method> <!-- quitBrowser -->
        <test-method status="PASS" signature="endReporter()[pri:0, instance:com.extent.test.OrangeHRMTestEXTENT@61ca2dfa]" name="endReporter" is-config="true" duration-ms="0" started-at="2022-01-18T18:49:15 IST" finished-at="2022-01-18T18:49:15 IST">
          <reporter-output>
          </reporter-output>
        </test-method> <!-- endReporter -->
      </class> <!-- com.extent.test.OrangeHRMTestEXTENT -->
    </test> <!-- Test -->
  </suite> <!-- Suite -->
</testng-results>
