<?xml version="1.0" encoding="UTF-8"?>
<!-- Generated by org.testng.reporters.JUnitXMLReporter -->
<testsuite hostname="DESKTOP-KNHDASJ" ignored="0" name="Test" tests="3" failures="0" timestamp="2022-01-18T18:58:33 IST" time="20.559" errors="0">
  <testcase name="validLogin" time="4.736" classname="com.extent.test.OrangeHRMTestEXTENT"/>
  <testcase name="logOut" time="1.316" classname="com.extent.test.OrangeHRMTestEXTENT"/>
  <testcase name="invalidLogin" time="1.769" classname="com.extent.test.OrangeHRMTestEXTENT"/>
</testsuite> <!-- Test -->
