<?xml version="1.0" encoding="UTF-8"?>
<testsuite xmlns:xsi="http://www.w3.org/2001/XMLSchema-instance" xsi:noNamespaceSchemaLocation="https://maven.apache.org/surefire/maven-surefire-plugin/xsd/surefire-test-report-3.0.xsd" version="3.0" name="TestSuite" time="22.195" tests="3" errors="0" skipped="0" failures="0">
  <properties>
[...]
</properties>
  <testcase name="validLogin" classname="com.extent.test.OrangeHRMTestEXTENT" time="4.709">
    <system-out><![CDATA[Started: Test
Test started: validLogin
]]></system-out>
    <system-err><![CDATA[Starting ChromeDriver 97.0.4692.71 (adefa7837d02a07a604c1e6eff0b3a09422ab88d-refs/branch-heads/4692@{#1247}) on port 19526
Only local connections are allowed.
Please see https://chromedriver.chromium.org/security-considerations for suggestions on keeping ChromeDriver safe.
ChromeDriver was started successfully.
Jan 18, 2022 6:58:21 PM org.openqa.selenium.remote.ProtocolHandshake createSession
INFO: Detected dialect: W3C
]]></system-err>
  </testcase>
  <testcase name="logOut" classname="com.extent.test.OrangeHRMTestEXTENT" time="1.318">
    <system-out><![CDATA[Test Successful validLogin
Test started: logOut
]]></system-out>
  </testcase>
  <testcase name="invalidLogin" classname="com.extent.test.OrangeHRMTestEXTENT" time="1.768">
    <system-out><![CDATA[Test Successful logOut
Test started: invalidLogin
Invalid credentials
]]></system-out>
  </testcase>
</testsuite>