<?xml version="1.0" encoding="UTF-8"?>
<testng-results skipped="0" failed="0" ignored="0" total="3" passed="3">
  <reporter-output>
  </reporter-output>
  <suite name="Suite" duration-ms="20559" started-at="2022-01-18T18:58:13 IST" finished-at="2022-01-18T18:58:33 IST">
    <groups>
    </groups>
    <test name="Test" duration-ms="20559" started-at="2022-01-18T18:58:13 IST" finished-at="2022-01-18T18:58:33 IST">
      <class name="com.extent.test.OrangeHRMTestEXTENT">
        <test-method status="PASS" signature="extentSetup()[pri:0, instance:com.extent.test.OrangeHRMTestEXTENT@491cc5c9]" name="extentSetup" is-config="true" duration-ms="9" started-at="2022-01-18T18:58:13 IST" finished-at="2022-01-18T18:58:13 IST">
          <reporter-output>
          </reporter-output>
        </test-method> <!-- extentSetup -->
        <test-method status="PASS" signature="launchBrowser()[pri:0, instance:com.extent.test.OrangeHRMTestEXTENT@491cc5c9]" name="launchBrowser" is-config="true" duration-ms="11181" started-at="2022-01-18T18:58:13 IST" finished-at="2022-01-18T18:58:24 IST">
          <reporter-output>
          </reporter-output>
        </test-method> <!-- launchBrowser -->
        <test-method status="PASS" signature="initialize()[pri:0, instance:com.extent.test.OrangeHRMTestEXTENT@491cc5c9]" name="initialize" is-config="true" duration-ms="70" started-at="2022-01-18T18:58:24 IST" finished-at="2022-01-18T18:58:24 IST">
          <reporter-output>
          </reporter-output>
        </test-method> <!-- initialize -->
        <test-method status="PASS" signature="validLogin()[pri:1, instance:com.extent.test.OrangeHRMTestEXTENT@491cc5c9]" name="validLogin" duration-ms="4736" started-at="2022-01-18T18:58:24 IST" finished-at="2022-01-18T18:58:29 IST">
          <reporter-output>
          </reporter-output>
        </test-method> <!-- validLogin -->
        <test-method status="PASS" signature="logOut()[pri:0, instance:com.extent.test.OrangeHRMTestEXTENT@491cc5c9]" name="logOut" duration-ms="1316" started-at="2022-01-18T18:58:29 IST" depends-on-methods="com.extent.test.OrangeHRMTestEXTENT.validLogin" finished-at="2022-01-18T18:58:30 IST">
          <reporter-output>
          </reporter-output>
        </test-method> <!-- logOut -->
        <test-method status="PASS" signature="invalidLogin()[pri:0, instance:com.extent.test.OrangeHRMTestEXTENT@491cc5c9]" name="invalidLogin" duration-ms="1769" started-at="2022-01-18T18:58:30 IST" depends-on-methods="com.extent.test.OrangeHRMTestEXTENT.logOut" finished-at="2022-01-18T18:58:32 IST">
          <reporter-output>
          </reporter-output>
        </test-method> <!-- invalidLogin -->
        <test-method status="PASS" signature="quitBrowser()[pri:0, instance:com.extent.test.OrangeHRMTestEXTENT@491cc5c9]" name="quitBrowser" is-config="true" duration-ms="919" started-at="2022-01-18T18:58:32 IST" finished-at="2022-01-18T18:58:33 IST">
          <reporter-output>
          </reporter-output>
        </test-method> <!-- quitBrowser -->
        <test-method status="PASS" signature="endReporter()[pri:0, instance:com.extent.test.OrangeHRMTestEXTENT@491cc5c9]" name="endReporter" is-config="true" duration-ms="1" started-at="2022-01-18T18:58:33 IST" finished-at="2022-01-18T18:58:33 IST">
          <reporter-output>
          </reporter-output>
        </test-method> <!-- endReporter -->
      </class> <!-- com.extent.test.OrangeHRMTestEXTENT -->
    </test> <!-- Test -->
  </suite> <!-- Suite -->
</testng-results>
