<?xml version="1.0" encoding="UTF-8"?>
<!-- Generated by org.testng.reporters.JUnitXMLReporter -->
<testsuite ignored="1" hostname="DESKTOP-KNHDASJ" failures="1" tests="2" name="GroupTest" time="0.089" errors="0" timestamp="2021-10-22T15:49:43 IST">
  <testcase classname="com.pom.test.OrangeHrmGroupTest" name="validLogin" time="0.014">
    <failure type="java.lang.NullPointerException" message="Cannot invoke &amp;quot;com.pom.pages.OrangeLoginPage.validLogin(String, String)&amp;quot; because &amp;quot;this.logInPage&amp;quot; is null">
      <![CDATA[java.lang.NullPointerException: Cannot invoke "com.pom.pages.OrangeLoginPage.validLogin(String, String)" because "this.logInPage" is null
at com.pom.test.OrangeHrmGroupTest.validLogin(OrangeHrmGroupTest.java:23)
at java.base/java.util.ArrayList.forEach(ArrayList.java:1511)
... Removed 27 stack frames]]>
    </failure>
  </testcase> <!-- validLogin -->
  <testcase classname="com.pom.test.OrangeHrmGroupTest" name="logOut" time="0.0">
    <skipped/>
  </testcase> <!-- logOut -->
  <testcase classname="com.pom.test.OrangeHrmGroupTest" name="invalidLogin" time="0.0">
    <ignored/>
  </testcase> <!-- invalidLogin -->
</testsuite> <!-- GroupTest -->
